2023-07-12 15:08:51.703  INFO 11332 --- [main] c.e.rewardpoint.RewardPointApplication   : Starting RewardPointApplication using Java 11.0.13 on shaochen with PID 11332 (D:\springProject_Antra\security\restUsage\RewardPoint\target\classes started by dayfl in D:\springProject_Antra\security\restUsage\RewardPoint)
2023-07-12 15:08:51.705  INFO 11332 --- [main] c.e.rewardpoint.RewardPointApplication   : No active profile set, falling back to 1 default profile: "default"
2023-07-12 15:08:51.988  INFO 11332 --- [main] .s.d.r.c.RepositoryConfigurationDelegate : Bootstrapping Spring Data JPA repositories in DEFAULT mode.
2023-07-12 15:08:52.013  INFO 11332 --- [main] .s.d.r.c.RepositoryConfigurationDelegate : Finished Spring Data repository scanning in 22 ms. Found 2 JPA repository interfaces.
2023-07-12 15:08:52.250  INFO 11332 --- [main] o.s.b.w.embedded.tomcat.TomcatWebServer  : Tomcat initialized with port(s): 8009 (http)
2023-07-12 15:08:52.251  INFO 11332 --- [main] o.a.catalina.core.AprLifecycleListener   : Loaded Apache Tomcat Native library [1.2.31] using APR version [1.7.0].
2023-07-12 15:08:52.251  INFO 11332 --- [main] o.a.catalina.core.AprLifecycleListener   : APR capabilities: IPv6 [true], sendfile [true], accept filters [false], random [true], UDS [true].
2023-07-12 15:08:52.251  INFO 11332 --- [main] o.a.catalina.core.AprLifecycleListener   : APR/OpenSSL configuration: useAprConnector [false], useOpenSSL [true]
2023-07-12 15:08:52.297  INFO 11332 --- [main] o.a.catalina.core.AprLifecycleListener   : OpenSSL successfully initialized [OpenSSL 1.1.1l  24 Aug 2021]
2023-07-12 15:08:52.305  INFO 11332 --- [main] o.apache.catalina.core.StandardService   : Starting service [Tomcat]
2023-07-12 15:08:52.305  INFO 11332 --- [main] org.apache.catalina.core.StandardEngine  : Starting Servlet engine: [Apache Tomcat/9.0.68]
2023-07-12 15:08:52.371  INFO 11332 --- [main] o.a.c.c.C.[Tomcat].[localhost].[/]       : Initializing Spring embedded WebApplicationContext
2023-07-12 15:08:52.371  INFO 11332 --- [main] w.s.c.ServletWebServerApplicationContext : Root WebApplicationContext: initialization completed in 639 ms
2023-07-12 15:08:52.387  INFO 11332 --- [main] com.zaxxer.hikari.HikariDataSource       : HikariPool-1 - Starting...
2023-07-12 15:08:52.455  INFO 11332 --- [main] com.zaxxer.hikari.HikariDataSource       : HikariPool-1 - Start completed.
2023-07-12 15:08:52.461  INFO 11332 --- [main] o.s.b.a.h2.H2ConsoleAutoConfiguration    : H2 console available at '/console'. Database available at 'jdbc:h2:mem:testdb'
2023-07-12 15:08:52.549  INFO 11332 --- [main] o.hibernate.jpa.internal.util.LogHelper  : HHH000204: Processing PersistenceUnitInfo [name: default]
2023-07-12 15:08:52.571  INFO 11332 --- [main] org.hibernate.Version                    : HHH000412: Hibernate ORM core version 5.6.12.Final
2023-07-12 15:08:52.630  INFO 11332 --- [main] o.hibernate.annotations.common.Version   : HCANN000001: Hibernate Commons Annotations {5.1.2.Final}
2023-07-12 15:08:52.673  INFO 11332 --- [main] org.hibernate.dialect.Dialect            : HHH000400: Using dialect: org.hibernate.dialect.H2Dialect
2023-07-12 15:08:52.894  INFO 11332 --- [main] o.h.e.t.j.p.i.JtaPlatformInitiator       : HHH000490: Using JtaPlatform implementation: [org.hibernate.engine.transaction.jta.platform.internal.NoJtaPlatform]
2023-07-12 15:08:52.898  INFO 11332 --- [main] j.LocalContainerEntityManagerFactoryBean : Initialized JPA EntityManagerFactory for persistence unit 'default'
2023-07-12 15:08:53.052  WARN 11332 --- [main] ConfigServletWebServerApplicationContext : Exception encountered during context initialization - cancelling refresh attempt: org.springframework.beans.factory.UnsatisfiedDependencyException: Error creating bean with name 'transactionController' defined in file [D:\springProject_Antra\security\restUsage\RewardPoint\target\classes\com\example\rewardpoint\controller\TransactionController.class]: Unsatisfied dependency expressed through constructor parameter 0; nested exception is org.springframework.beans.factory.NoSuchBeanDefinitionException: No qualifying bean of type 'com.example.rewardpoint.service.TransactionService' available: expected at least 1 bean which qualifies as autowire candidate. Dependency annotations: {}
2023-07-12 15:08:53.053  INFO 11332 --- [main] j.LocalContainerEntityManagerFactoryBean : Closing JPA EntityManagerFactory for persistence unit 'default'
2023-07-12 15:08:53.054  INFO 11332 --- [main] com.zaxxer.hikari.HikariDataSource       : HikariPool-1 - Shutdown initiated...
2023-07-12 15:08:53.059  INFO 11332 --- [main] com.zaxxer.hikari.HikariDataSource       : HikariPool-1 - Shutdown completed.
2023-07-12 15:08:53.060  INFO 11332 --- [main] o.apache.catalina.core.StandardService   : Stopping service [Tomcat]
2023-07-12 15:08:53.066  INFO 11332 --- [main] ConditionEvaluationReportLoggingListener : 

Error starting ApplicationContext. To display the conditions report re-run your application with 'debug' enabled.
2023-07-12 15:08:53.078 ERROR 11332 --- [main] o.s.b.d.LoggingFailureAnalysisReporter   : 

***************************
APPLICATION FAILED TO START
***************************

Description:

Parameter 0 of constructor in com.example.rewardpoint.controller.TransactionController required a bean of type 'com.example.rewardpoint.service.TransactionService' that could not be found.


Action:

Consider defining a bean of type 'com.example.rewardpoint.service.TransactionService' in your configuration.

2023-07-12 15:09:44.555  INFO 9652 --- [main] c.e.rewardpoint.RewardPointApplication   : Starting RewardPointApplication using Java 11.0.13 on shaochen with PID 9652 (D:\springProject_Antra\security\restUsage\RewardPoint\target\classes started by dayfl in D:\springProject_Antra\security\restUsage\RewardPoint)
2023-07-12 15:09:44.556  INFO 9652 --- [main] c.e.rewardpoint.RewardPointApplication   : No active profile set, falling back to 1 default profile: "default"
2023-07-12 15:09:44.843  INFO 9652 --- [main] .s.d.r.c.RepositoryConfigurationDelegate : Bootstrapping Spring Data JPA repositories in DEFAULT mode.
2023-07-12 15:09:44.872  INFO 9652 --- [main] .s.d.r.c.RepositoryConfigurationDelegate : Finished Spring Data repository scanning in 25 ms. Found 2 JPA repository interfaces.
2023-07-12 15:09:45.077  INFO 9652 --- [main] o.s.b.w.embedded.tomcat.TomcatWebServer  : Tomcat initialized with port(s): 8009 (http)
2023-07-12 15:09:45.078  INFO 9652 --- [main] o.a.catalina.core.AprLifecycleListener   : Loaded Apache Tomcat Native library [1.2.31] using APR version [1.7.0].
2023-07-12 15:09:45.078  INFO 9652 --- [main] o.a.catalina.core.AprLifecycleListener   : APR capabilities: IPv6 [true], sendfile [true], accept filters [false], random [true], UDS [true].
2023-07-12 15:09:45.078  INFO 9652 --- [main] o.a.catalina.core.AprLifecycleListener   : APR/OpenSSL configuration: useAprConnector [false], useOpenSSL [true]
2023-07-12 15:09:45.080  INFO 9652 --- [main] o.a.catalina.core.AprLifecycleListener   : OpenSSL successfully initialized [OpenSSL 1.1.1l  24 Aug 2021]
2023-07-12 15:09:45.085  INFO 9652 --- [main] o.apache.catalina.core.StandardService   : Starting service [Tomcat]
2023-07-12 15:09:45.086  INFO 9652 --- [main] org.apache.catalina.core.StandardEngine  : Starting Servlet engine: [Apache Tomcat/9.0.68]
2023-07-12 15:09:45.158  INFO 9652 --- [main] o.a.c.c.C.[Tomcat].[localhost].[/]       : Initializing Spring embedded WebApplicationContext
2023-07-12 15:09:45.159  INFO 9652 --- [main] w.s.c.ServletWebServerApplicationContext : Root WebApplicationContext: initialization completed in 576 ms
2023-07-12 15:09:45.175  INFO 9652 --- [main] com.zaxxer.hikari.HikariDataSource       : HikariPool-1 - Starting...
2023-07-12 15:09:45.235  INFO 9652 --- [main] com.zaxxer.hikari.HikariDataSource       : HikariPool-1 - Start completed.
2023-07-12 15:09:45.241  INFO 9652 --- [main] o.s.b.a.h2.H2ConsoleAutoConfiguration    : H2 console available at '/console'. Database available at 'jdbc:h2:mem:testdb'
2023-07-12 15:09:45.315  INFO 9652 --- [main] o.hibernate.jpa.internal.util.LogHelper  : HHH000204: Processing PersistenceUnitInfo [name: default]
2023-07-12 15:09:45.336  INFO 9652 --- [main] org.hibernate.Version                    : HHH000412: Hibernate ORM core version 5.6.12.Final
2023-07-12 15:09:45.396  INFO 9652 --- [main] o.hibernate.annotations.common.Version   : HCANN000001: Hibernate Commons Annotations {5.1.2.Final}
2023-07-12 15:09:45.438  INFO 9652 --- [main] org.hibernate.dialect.Dialect            : HHH000400: Using dialect: org.hibernate.dialect.H2Dialect
2023-07-12 15:09:45.648  INFO 9652 --- [main] o.h.e.t.j.p.i.JtaPlatformInitiator       : HHH000490: Using JtaPlatform implementation: [org.hibernate.engine.transaction.jta.platform.internal.NoJtaPlatform]
2023-07-12 15:09:45.652  INFO 9652 --- [main] j.LocalContainerEntityManagerFactoryBean : Initialized JPA EntityManagerFactory for persistence unit 'default'
2023-07-12 15:09:45.805  WARN 9652 --- [main] JpaBaseConfiguration$JpaWebConfiguration : spring.jpa.open-in-view is enabled by default. Therefore, database queries may be performed during view rendering. Explicitly configure spring.jpa.open-in-view to disable this warning
2023-07-12 15:09:45.961  INFO 9652 --- [main] o.s.b.w.embedded.tomcat.TomcatWebServer  : Tomcat started on port(s): 8009 (http) with context path ''
2023-07-12 15:09:45.967  INFO 9652 --- [main] c.e.rewardpoint.RewardPointApplication   : Started RewardPointApplication in 1.604 seconds (JVM running for 2.015)
2023-07-12 15:10:18.892  INFO 9652 --- [http-nio-8009-exec-1] o.a.c.c.C.[Tomcat].[localhost].[/]       : Initializing Spring DispatcherServlet 'dispatcherServlet'
2023-07-12 15:10:18.893  INFO 9652 --- [http-nio-8009-exec-1] o.s.web.servlet.DispatcherServlet        : Initializing Servlet 'dispatcherServlet'
2023-07-12 15:10:18.893  INFO 9652 --- [http-nio-8009-exec-1] o.s.web.servlet.DispatcherServlet        : Completed initialization in 0 ms
2023-07-12 15:10:18.999  INFO 9652 --- [http-nio-8009-exec-1] c.e.r.service.RewardServiceImpl          : Current start= Thu Apr 13 15:10:18 CDT 2023
2023-07-12 15:10:18.999  INFO 9652 --- [http-nio-8009-exec-1] c.e.r.service.RewardServiceImpl          : Current value= 400
2023-07-12 15:13:22.263  INFO 9652 --- [SpringApplicationShutdownHook] j.LocalContainerEntityManagerFactoryBean : Closing JPA EntityManagerFactory for persistence unit 'default'
2023-07-12 15:13:22.265  INFO 9652 --- [SpringApplicationShutdownHook] com.zaxxer.hikari.HikariDataSource       : HikariPool-1 - Shutdown initiated...
2023-07-12 15:13:22.267  INFO 9652 --- [SpringApplicationShutdownHook] com.zaxxer.hikari.HikariDataSource       : HikariPool-1 - Shutdown completed.
2023-07-12 15:14:52.197  INFO 15640 --- [main] com.example.rewardpoint.ControllerTest   : Starting ControllerTest using Java 11.0.13 on shaochen with PID 15640 (started by dayfl in D:\springProject_Antra\security\restUsage\RewardPoint)
2023-07-12 15:14:52.198  INFO 15640 --- [main] com.example.rewardpoint.ControllerTest   : No active profile set, falling back to 1 default profile: "default"
2023-07-12 15:14:52.696  INFO 15640 --- [main] .s.d.r.c.RepositoryConfigurationDelegate : Bootstrapping Spring Data JPA repositories in DEFAULT mode.
2023-07-12 15:14:52.735  INFO 15640 --- [main] .s.d.r.c.RepositoryConfigurationDelegate : Finished Spring Data repository scanning in 34 ms. Found 2 JPA repository interfaces.
2023-07-12 15:14:52.990  INFO 15640 --- [main] com.zaxxer.hikari.HikariDataSource       : HikariPool-1 - Starting...
2023-07-12 15:14:53.141  INFO 15640 --- [main] com.zaxxer.hikari.HikariDataSource       : HikariPool-1 - Start completed.
2023-07-12 15:14:53.266  INFO 15640 --- [main] o.hibernate.jpa.internal.util.LogHelper  : HHH000204: Processing PersistenceUnitInfo [name: default]
2023-07-12 15:14:53.304  INFO 15640 --- [main] org.hibernate.Version                    : HHH000412: Hibernate ORM core version 5.6.12.Final
2023-07-12 15:14:53.418  INFO 15640 --- [main] o.hibernate.annotations.common.Version   : HCANN000001: Hibernate Commons Annotations {5.1.2.Final}
2023-07-12 15:14:53.600  INFO 15640 --- [main] org.hibernate.dialect.Dialect            : HHH000400: Using dialect: org.hibernate.dialect.H2Dialect
2023-07-12 15:14:54.009  INFO 15640 --- [main] o.h.e.t.j.p.i.JtaPlatformInitiator       : HHH000490: Using JtaPlatform implementation: [org.hibernate.engine.transaction.jta.platform.internal.NoJtaPlatform]
2023-07-12 15:14:54.014  INFO 15640 --- [main] j.LocalContainerEntityManagerFactoryBean : Initialized JPA EntityManagerFactory for persistence unit 'default'
2023-07-12 15:14:54.470  WARN 15640 --- [main] JpaBaseConfiguration$JpaWebConfiguration : spring.jpa.open-in-view is enabled by default. Therefore, database queries may be performed during view rendering. Explicitly configure spring.jpa.open-in-view to disable this warning
2023-07-12 15:14:54.657  INFO 15640 --- [main] o.s.b.a.h2.H2ConsoleAutoConfiguration    : H2 console available at '/console'. Database available at 'jdbc:h2:mem:testdb'
2023-07-12 15:14:54.889  INFO 15640 --- [main] com.example.rewardpoint.ControllerTest   : Started ControllerTest in 2.94 seconds (JVM running for 3.495)
2023-07-12 15:14:55.023  INFO 15640 --- [main] o.s.mock.web.MockServletContext          : Initializing Spring TestDispatcherServlet ''
2023-07-12 15:14:55.023  INFO 15640 --- [main] o.s.t.web.servlet.TestDispatcherServlet  : Initializing Servlet ''
2023-07-12 15:14:55.023  INFO 15640 --- [main] o.s.t.web.servlet.TestDispatcherServlet  : Completed initialization in 0 ms
2023-07-12 15:14:55.082  INFO 15640 --- [SpringApplicationShutdownHook] j.LocalContainerEntityManagerFactoryBean : Closing JPA EntityManagerFactory for persistence unit 'default'
2023-07-12 15:14:55.084  INFO 15640 --- [SpringApplicationShutdownHook] com.zaxxer.hikari.HikariDataSource       : HikariPool-1 - Shutdown initiated...
2023-07-12 15:14:55.086  INFO 15640 --- [SpringApplicationShutdownHook] com.zaxxer.hikari.HikariDataSource       : HikariPool-1 - Shutdown completed.
